<?xml version="1.0" encoding="UTF-8"?>
<testng-results skipped="0" failed="0" total="1" passed="1">
  <reporter-output>
  </reporter-output>
  <suite name="Default suite" duration-ms="15658" started-at="2016-09-20T07:36:44Z" finished-at="2016-09-20T07:36:59Z">
    <groups>
    </groups>
    <test name="Default test" duration-ms="15658" started-at="2016-09-20T07:36:44Z" finished-at="2016-09-20T07:36:59Z">
      <class name="executionEngine.DriverScript">
        <test-method status="PASS" signature="main1()[pri:0, instance:executionEngine.DriverScript@1888ff2c]" name="main1" duration-ms="15628" started-at="2016-09-20T10:36:44Z" finished-at="2016-09-20T10:36:59Z">
          <reporter-output>
          </reporter-output>
        </test-method> <!-- main1 -->
      </class> <!-- executionEngine.DriverScript -->
    </test> <!-- Default test -->
  </suite> <!-- Default suite -->
</testng-results>
