<?xml version="1.0" encoding="UTF-8"?>
<testng-results skipped="0" failed="0" total="1" passed="1">
  <reporter-output>
  </reporter-output>
  <suite name="Default suite" duration-ms="59146" started-at="2016-09-21T12:06:37Z" finished-at="2016-09-21T12:07:36Z">
    <groups>
    </groups>
    <test name="Default test" duration-ms="59146" started-at="2016-09-21T12:06:37Z" finished-at="2016-09-21T12:07:36Z">
      <class name="executionEngine.DriverScript">
        <test-method status="PASS" signature="main1()[pri:0, instance:executionEngine.DriverScript@721e0f4f]" name="main1" duration-ms="59131" started-at="2016-09-21T15:06:37Z" finished-at="2016-09-21T15:07:36Z">
          <reporter-output>
          </reporter-output>
        </test-method> <!-- main1 -->
      </class> <!-- executionEngine.DriverScript -->
    </test> <!-- Default test -->
  </suite> <!-- Default suite -->
</testng-results>
